{"time":"2026-03-04T22:31:02.8104097+08:00","level":"INFO","msg":"KLARF processor initializing","driver":"mysql","db_host":"127.0.0.1","source_interval":300000000000,"target_interval":1000000000,"target_max_attempts":10,"cmd_max_retries":3,"workers":6,"temp_dir":"./klarf_temp","output_dir":"./klarf_output","worker_log_dir":"./logs/workers"}
{"time":"2026-03-04T22:31:02.8894448+08:00","level":"INFO","msg":"database connected","driver":"mysql","host":"127.0.0.1","dbname":"klarf_db"}
{"time":"2026-03-04T22:31:02.8894448+08:00","level":"INFO","msg":"directory ready","path":"./klarf_temp"}
{"time":"2026-03-04T22:31:02.8902227+08:00","level":"INFO","msg":"directory ready","path":"./klarf_output"}
{"time":"2026-03-04T22:31:02.8931348+08:00","level":"INFO","msg":"worker pool started","workers":6,"worker_log_dir":"./logs/workers"}
{"time":"2026-03-04T22:31:02.8931348+08:00","level":"INFO","msg":"KLARF processor started (run-once mode) — press Ctrl+C to cancel"}
{"time":"2026-03-04T22:31:02.8931348+08:00","level":"INFO","msg":"═══ cycle started ═══","cycle":1}
{"time":"2026-03-04T22:31:02.9028921+08:00","level":"INFO","msg":"records fetched from source","cycle":1,"total":17}
{"time":"2026-03-04T22:31:02.903403+08:00","level":"INFO","msg":"groups formed","cycle":1,"groups":7}
{"time":"2026-03-04T22:31:02.903403+08:00","level":"INFO","msg":"job submitted","cycle":1,"lot_id":"LOT001","wafer_id":"WAFER01","layer_count":3}
{"time":"2026-03-04T22:31:02.903403+08:00","level":"INFO","msg":"job submitted","cycle":1,"lot_id":"LOT001","wafer_id":"WAFER02","layer_count":2}
{"time":"2026-03-04T22:31:02.903403+08:00","level":"INFO","msg":"job submitted","cycle":1,"lot_id":"LOT002","wafer_id":"WAFER01","layer_count":3}
{"time":"2026-03-04T22:31:02.903403+08:00","level":"INFO","msg":"job submitted","cycle":1,"lot_id":"LOT002","wafer_id":"WAFER03","layer_count":2}
{"time":"2026-03-04T22:31:02.903403+08:00","level":"INFO","msg":"job submitted","cycle":1,"lot_id":"LOT003","wafer_id":"WAFER01","layer_count":3}
{"time":"2026-03-04T22:31:02.903403+08:00","level":"INFO","msg":"job submitted","cycle":1,"lot_id":"LOT004","wafer_id":"WAFER02","layer_count":2}
{"time":"2026-03-04T22:31:02.903403+08:00","level":"INFO","msg":"job submitted","cycle":1,"lot_id":"LOT005","wafer_id":"WAFER01","layer_count":2}
{"time":"2026-03-04T22:31:02.903403+08:00","level":"INFO","msg":"═══ cycle submission done ═══","cycle":1,"jobs_submitted":7}
{"time":"2026-03-04T22:31:02.903403+08:00","level":"INFO","msg":"all jobs submitted, waiting for workers to finish..."}
{"time":"2026-03-04T22:32:04.8950987+08:00","level":"INFO","msg":"all workers finished"}
{"time":"2026-03-04T22:32:04.8950987+08:00","level":"INFO","msg":"final statistics","total_cycles":1,"layers_total":17,"layers_skipped":0,"cmd_exec_fail":0,"file_not_found":3,"klarf_invalid":0,"klarf_success":17,"klarf_fail":0,"target_confirmed":0,"target_timeout":17,"cmd_retries":3,"layers_missing":0,"timestamp":"2026-03-04T22:32:04+08:00"}
